<?xml version="1.0" encoding="UTF-8"?>
<!-- Generated by org.testng.reporters.JUnitXMLReporter -->
<testsuite ignored="0" hostname="INBOOK_X2_PLUS" failures="2" tests="2" name="Default test" time="2.635" errors="0" timestamp="2024-03-01T01:23:42 IST">
  <testcase classname="io.cucumber.testng.AbstractTestNGCucumberTests" name="runScenario" time="0.329">
    <failure type="java.lang.NullPointerException" message="Cannot invoke &amp;quot;org.openqa.selenium.WebDriver.get(String)&amp;quot; because the return value of &amp;quot;com.saucedemo.tests.StepDefinition.getDriver()&amp;quot; is null">
      <![CDATA[java.lang.NullPointerException: Cannot invoke "org.openqa.selenium.WebDriver.get(String)" because the return value of "com.saucedemo.tests.StepDefinition.getDriver()" is null
at com.saucedemo.tests.StepDefinition.navigateToApplication(StepDefinition.java:15)
at ✽.Navigate to saucedemo application(file:///C:/Users/surth/eclipse-workspace/SauceDemo/src/cucumber/features/UC01_NavigateToApplication.feature:7)
]]>
    </failure>
  </testcase> <!-- runScenario -->
  <testcase classname="io.cucumber.testng.AbstractTestNGCucumberTests" name="runScenario" time="0.014">
    <failure type="java.lang.NullPointerException" message="Cannot invoke &amp;quot;org.openqa.selenium.WebDriver.get(String)&amp;quot; because the return value of &amp;quot;com.saucedemo.tests.StepDefinition.getDriver()&amp;quot; is null">
      <![CDATA[java.lang.NullPointerException: Cannot invoke "org.openqa.selenium.WebDriver.get(String)" because the return value of "com.saucedemo.tests.StepDefinition.getDriver()" is null
at com.saucedemo.tests.StepDefinition.navigateToApplication(StepDefinition.java:15)
at ✽.Navigate to saucedemo application(file:///C:/Users/surth/eclipse-workspace/SauceDemo/src/cucumber/features/UC02_LoginSuccess.feature:7)
]]>
    </failure>
  </testcase> <!-- runScenario -->
</testsuite> <!-- Default test -->
